[BS_WAIT_TRACE] site=persist_io:store_open tid=7868 path=<memory>
[BS_WAIT_TRACE] site=persist_io:reload_manifest tid=7868 path=<memory>
[BS_WAIT_TRACE] site=notify_queue:flush_wait_jobs tid=7868 ctx=1 waited_ms=500 frames=9
  #00 00007FF642FFEF1E
  #01 00007FF642FF14A3
  #02 00007FF642FBDDC1
  #03 00007FF642FB2F4F
  #04 00007FF642FB2FD1
  #05 00007FF642FB39F6
  #06 00007FF642FFC4BF
  #07 00007FFF25A7E8D7
  #08 00007FFF271CC3FC
[BS_WAIT_TRACE] site=notify_queue:flush_wait_jobs tid=7868 ctx=1 waited_ms=1016 frames=9
  #00 00007FF642FFEF1E
  #01 00007FF642FF14A3
  #02 00007FF642FBDDC1
  #03 00007FF642FB2F4F
  #04 00007FF642FB2FD1
  #05 00007FF642FB39F6
  #06 00007FF642FFC4BF
  #07 00007FFF25A7E8D7
  #08 00007FFF271CC3FC
[BS_WAIT_TRACE] site=notify_queue:flush_wait_jobs tid=7868 ctx=1 waited_ms=1532 frames=9
  #00 00007FF642FFEF1E
  #01 00007FF642FF14A3
  #02 00007FF642FBDDC1
  #03 00007FF642FB2F4F
  #04 00007FF642FB2FD1
  #05 00007FF642FB39F6
  #06 00007FF642FFC4BF
  #07 00007FFF25A7E8D7
  #08 00007FFF271CC3FC
[BS_WAIT_TRACE] site=notify_queue:flush_wait_jobs tid=7868 ctx=1 waited_ms=2032 frames=9
  #00 00007FF642FFEF1E
  #01 00007FF642FF14A3
  #02 00007FF642FBDDC1
  #03 00007FF642FB2F4F
  #04 00007FF642FB2FD1
  #05 00007FF642FB39F6
  #06 00007FF642FFC4BF
  #07 00007FFF25A7E8D7
  #08 00007FFF271CC3FC
[BS_WAIT_TRACE] site=notify_queue:flush_wait_jobs tid=7868 ctx=1 waited_ms=2547 frames=9
  #00 00007FF642FFEF1E
  #01 00007FF642FF14A3
  #02 00007FF642FBDDC1
  #03 00007FF642FB2F4F
  #04 00007FF642FB2FD1
  #05 00007FF642FB39F6
  #06 00007FF642FFC4BF
  #07 00007FFF25A7E8D7
  #08 00007FFF271CC3FC
[BS_WAIT_TRACE] site=notify_queue:flush_wait_jobs tid=7868 ctx=1 waited_ms=3047 frames=9
  #00 00007FF642FFEF1E
  #01 00007FF642FF14A3
  #02 00007FF642FBDDC1
  #03 00007FF642FB2F4F
  #04 00007FF642FB2FD1
  #05 00007FF642FB39F6
  #06 00007FF642FFC4BF
  #07 00007FFF25A7E8D7
  #08 00007FFF271CC3FC
[BS_WAIT_TRACE] site=notify_queue:flush_wait_jobs tid=7868 ctx=1 waited_ms=3563 frames=9
  #00 00007FF642FFEF1E
  #01 00007FF642FF14A3
  #02 00007FF642FBDDC1
  #03 00007FF642FB2F4F
  #04 00007FF642FB2FD1
  #05 00007FF642FB39F6
  #06 00007FF642FFC4BF
  #07 00007FFF25A7E8D7
  #08 00007FFF271CC3FC
[BS_WAIT_TRACE] site=notify_queue:flush_wait_jobs tid=7868 ctx=1 waited_ms=4078 frames=9
  #00 00007FF642FFEF1E
  #01 00007FF642FF14A3
  #02 00007FF642FBDDC1
  #03 00007FF642FB2F4F
  #04 00007FF642FB2FD1
  #05 00007FF642FB39F6
  #06 00007FF642FFC4BF
  #07 00007FFF25A7E8D7
  #08 00007FFF271CC3FC
[BS_WAIT_TRACE] site=notify_queue:flush_wait_jobs tid=7868 ctx=1 waited_ms=4578 frames=9
  #00 00007FF642FFEF1E
  #01 00007FF642FF14A3
  #02 00007FF642FBDDC1
  #03 00007FF642FB2F4F
  #04 00007FF642FB2FD1
  #05 00007FF642FB39F6
  #06 00007FF642FFC4BF
  #07 00007FFF25A7E8D7
  #08 00007FFF271CC3FC
[BS_WAIT_TRACE] site=notify_queue:flush_wait_jobs tid=7868 ctx=1 waited_ms=5094 frames=9
  #00 00007FF642FFEF1E
  #01 00007FF642FF14A3
  #02 00007FF642FBDDC1
  #03 00007FF642FB2F4F
  #04 00007FF642FB2FD1
  #05 00007FF642FB39F6
  #06 00007FF642FFC4BF
  #07 00007FFF25A7E8D7
  #08 00007FFF271CC3FC
[BS_WAIT_TRACE] site=notify_queue:flush_wait_jobs tid=7868 ctx=1 waited_ms=5594 frames=9
  #00 00007FF642FFEF1E
  #01 00007FF642FF14A3
  #02 00007FF642FBDDC1
  #03 00007FF642FB2F4F
  #04 00007FF642FB2FD1
  #05 00007FF642FB39F6
  #06 00007FF642FFC4BF
  #07 00007FFF25A7E8D7
  #08 00007FFF271CC3FC
[BS_WAIT_TRACE] site=notify_queue:flush_wait_jobs tid=7868 ctx=1 waited_ms=6110 frames=9
  #00 00007FF642FFEF1E
  #01 00007FF642FF14A3
  #02 00007FF642FBDDC1
  #03 00007FF642FB2F4F
  #04 00007FF642FB2FD1
  #05 00007FF642FB39F6
  #06 00007FF642FFC4BF
  #07 00007FFF25A7E8D7
  #08 00007FFF271CC3FC
[BS_WAIT_TRACE] site=notify_queue:flush_wait_jobs tid=7868 ctx=1 waited_ms=6625 frames=9
  #00 00007FF642FFEF1E
  #01 00007FF642FF14A3
  #02 00007FF642FBDDC1
  #03 00007FF642FB2F4F
  #04 00007FF642FB2FD1
  #05 00007FF642FB39F6
  #06 00007FF642FFC4BF
  #07 00007FFF25A7E8D7
  #08 00007FFF271CC3FC
[BS_WAIT_TRACE] site=notify_queue:flush_wait_jobs tid=7868 ctx=1 waited_ms=7141 frames=9
  #00 00007FF642FFEF1E
  #01 00007FF642FF14A3
  #02 00007FF642FBDDC1
  #03 00007FF642FB2F4F
  #04 00007FF642FB2FD1
  #05 00007FF642FB39F6
  #06 00007FF642FFC4BF
  #07 00007FFF25A7E8D7
  #08 00007FFF271CC3FC
[BS_WAIT_TRACE] site=notify_queue:flush_wait_jobs tid=7868 ctx=1 waited_ms=7641 frames=9
  #00 00007FF642FFEF1E
  #01 00007FF642FF14A3
  #02 00007FF642FBDDC1
  #03 00007FF642FB2F4F
  #04 00007FF642FB2FD1
  #05 00007FF642FB39F6
  #06 00007FF642FFC4BF
  #07 00007FFF25A7E8D7
  #08 00007FFF271CC3FC
[BS_WAIT_TRACE] site=notify_queue:flush_wait_jobs tid=7868 ctx=1 waited_ms=8157 frames=9
  #00 00007FF642FFEF1E
  #01 00007FF642FF14A3
  #02 00007FF642FBDDC1
  #03 00007FF642FB2F4F
  #04 00007FF642FB2FD1
  #05 00007FF642FB39F6
  #06 00007FF642FFC4BF
  #07 00007FFF25A7E8D7
  #08 00007FFF271CC3FC
[BS_WAIT_TRACE] site=notify_queue:flush_wait_jobs tid=7868 ctx=1 waited_ms=8672 frames=9
  #00 00007FF642FFEF1E
  #01 00007FF642FF14A3
  #02 00007FF642FBDDC1
  #03 00007FF642FB2F4F
  #04 00007FF642FB2FD1
  #05 00007FF642FB39F6
  #06 00007FF642FFC4BF
  #07 00007FFF25A7E8D7
  #08 00007FFF271CC3FC
[BS_WAIT_TRACE] site=notify_queue:flush_wait_jobs tid=7868 ctx=1 waited_ms=9188 frames=9
  #00 00007FF642FFEF1E
  #01 00007FF642FF14A3
  #02 00007FF642FBDDC1
  #03 00007FF642FB2F4F
  #04 00007FF642FB2FD1
  #05 00007FF642FB39F6
  #06 00007FF642FFC4BF
  #07 00007FFF25A7E8D7
  #08 00007FFF271CC3FC
[BS_WAIT_TRACE] site=notify_queue:flush_wait_jobs tid=7868 ctx=1 waited_ms=9688 frames=9
  #00 00007FF642FFEF1E
  #01 00007FF642FF14A3
  #02 00007FF642FBDDC1
  #03 00007FF642FB2F4F
  #04 00007FF642FB2FD1
  #05 00007FF642FB39F6
  #06 00007FF642FFC4BF
  #07 00007FFF25A7E8D7
  #08 00007FFF271CC3FC
[BS_WAIT_TRACE] site=notify_queue:flush_wait_jobs tid=7868 ctx=1 waited_ms=10203 frames=9
  #00 00007FF642FFEF1E
  #01 00007FF642FF14A3
  #02 00007FF642FBDDC1
  #03 00007FF642FB2F4F
  #04 00007FF642FB2FD1
  #05 00007FF642FB39F6
  #06 00007FF642FFC4BF
  #07 00007FFF25A7E8D7
  #08 00007FFF271CC3FC
[BS_WAIT_TRACE] site=notify_queue:flush_wait_jobs tid=7868 ctx=1 waited_ms=10719 frames=9
  #00 00007FF642FFEF1E
  #01 00007FF642FF14A3
  #02 00007FF642FBDDC1
  #03 00007FF642FB2F4F
  #04 00007FF642FB2FD1
  #05 00007FF642FB39F6
  #06 00007FF642FFC4BF
  #07 00007FFF25A7E8D7
  #08 00007FFF271CC3FC
[BS_WAIT_TRACE] site=notify_queue:flush_wait_jobs tid=7868 ctx=1 waited_ms=11235 frames=9
  #00 00007FF642FFEF1E
  #01 00007FF642FF14A3
  #02 00007FF642FBDDC1
  #03 00007FF642FB2F4F
  #04 00007FF642FB2FD1
  #05 00007FF642FB39F6
  #06 00007FF642FFC4BF
  #07 00007FFF25A7E8D7
  #08 00007FFF271CC3FC
[BS_WAIT_TRACE] site=notify_queue:flush_wait_jobs tid=7868 ctx=1 waited_ms=11750 frames=9
  #00 00007FF642FFEF1E
  #01 00007FF642FF14A3
  #02 00007FF642FBDDC1
  #03 00007FF642FB2F4F
  #04 00007FF642FB2FD1
  #05 00007FF642FB39F6
  #06 00007FF642FFC4BF
  #07 00007FFF25A7E8D7
  #08 00007FFF271CC3FC
[BS_WAIT_TRACE] site=notify_queue:flush_wait_jobs tid=7868 ctx=1 waited_ms=12250 frames=9
  #00 00007FF642FFEF1E
  #01 00007FF642FF14A3
  #02 00007FF642FBDDC1
  #03 00007FF642FB2F4F
  #04 00007FF642FB2FD1
  #05 00007FF642FB39F6
  #06 00007FF642FFC4BF
  #07 00007FFF25A7E8D7
  #08 00007FFF271CC3FC
[BS_WAIT_TRACE] site=notify_queue:flush_wait_jobs tid=7868 ctx=1 waited_ms=12766 frames=9
  #00 00007FF642FFEF1E
  #01 00007FF642FF14A3
  #02 00007FF642FBDDC1
  #03 00007FF642FB2F4F
  #04 00007FF642FB2FD1
  #05 00007FF642FB39F6
  #06 00007FF642FFC4BF
  #07 00007FFF25A7E8D7
  #08 00007FFF271CC3FC
[BS_WAIT_TRACE] site=notify_queue:flush_wait_jobs tid=7868 ctx=1 waited_ms=13282 frames=9
  #00 00007FF642FFEF1E
  #01 00007FF642FF14A3
  #02 00007FF642FBDDC1
  #03 00007FF642FB2F4F
  #04 00007FF642FB2FD1
  #05 00007FF642FB39F6
  #06 00007FF642FFC4BF
  #07 00007FFF25A7E8D7
  #08 00007FFF271CC3FC
[BS_WAIT_TRACE] site=notify_queue:flush_wait_jobs tid=7868 ctx=1 waited_ms=13797 frames=9
  #00 00007FF642FFEF1E
  #01 00007FF642FF14A3
  #02 00007FF642FBDDC1
  #03 00007FF642FB2F4F
  #04 00007FF642FB2FD1
  #05 00007FF642FB39F6
  #06 00007FF642FFC4BF
  #07 00007FFF25A7E8D7
  #08 00007FFF271CC3FC
[BS_WAIT_TRACE] site=notify_queue:flush_wait_jobs tid=7868 ctx=1 waited_ms=14297 frames=9
  #00 00007FF642FFEF1E
  #01 00007FF642FF14A3
  #02 00007FF642FBDDC1
  #03 00007FF642FB2F4F
  #04 00007FF642FB2FD1
  #05 00007FF642FB39F6
  #06 00007FF642FFC4BF
  #07 00007FFF25A7E8D7
  #08 00007FFF271CC3FC
[BS_WAIT_TRACE] site=notify_queue:flush_wait_jobs tid=7868 ctx=1 waited_ms=14813 frames=9
  #00 00007FF642FFEF1E
  #01 00007FF642FF14A3
  #02 00007FF642FBDDC1
  #03 00007FF642FB2F4F
  #04 00007FF642FB2FD1
  #05 00007FF642FB39F6
  #06 00007FF642FFC4BF
  #07 00007FFF25A7E8D7
  #08 00007FFF271CC3FC
