[BS_WAIT_TRACE] site=persist_io:store_open tid=27152 path=<memory>
[BS_WAIT_TRACE] site=persist_io:reload_manifest tid=27152 path=<memory>
[BS_WAIT_TRACE] site=notify_queue:watch_notify tid=12156 waited_ms=30016 frames=6
  #00 00007FF6EE5BF4A2
  #01 00007FF6EE5B0F5F
  #02 00007FF6EE5B056F
  #03 00007FFF23AD37B0
  #04 00007FFF25A7E8D7
  #05 00007FFF271CC3FC
[BS_WAIT_TRACE] site=notify_queue:watch_notify tid=27152 waited_ms=30016 frames=9
  #00 00007FF6EE5BF4A2
  #01 00007FF6EE5B17DF
  #02 00007FF6EE57DDC1
  #03 00007FF6EE572F4F
  #04 00007FF6EE572FD1
  #05 00007FF6EE5739F6
  #06 00007FF6EE5BCA8F
  #07 00007FFF25A7E8D7
  #08 00007FFF271CC3FC
[BS_WAIT_TRACE] site=notify_queue:flush_wait tid=27152 waited_ms=30032 frames=9
  #00 00007FF6EE5BF4A2
  #01 00007FF6EE5B1ADB
  #02 00007FF6EE57DDC1
  #03 00007FF6EE572F4F
  #04 00007FF6EE572FD1
  #05 00007FF6EE5739F6
  #06 00007FF6EE5BCA8F
  #07 00007FFF25A7E8D7
  #08 00007FFF271CC3FC
